[debug] [2025-04-25T19:56:05.458Z] ----------------------------------------------------------------------
[debug] [2025-04-25T19:56:05.461Z] Command:       C:\Program Files\nodejs\node.exe C:\Users\rafaa\AppData\Roaming\npm\node_modules\firebase-tools\lib\bin\firebase.js init functions
[debug] [2025-04-25T19:56:05.461Z] CLI Version:   14.2.1
[debug] [2025-04-25T19:56:05.461Z] Platform:      win32
[debug] [2025-04-25T19:56:05.461Z] Node Version:  v22.14.0
[debug] [2025-04-25T19:56:05.462Z] Time:          Fri Apr 25 2025 21:56:05 GMT+0200 (Horário de Verão da Europa Central)
[debug] [2025-04-25T19:56:05.462Z] ----------------------------------------------------------------------
[debug] 
[debug] [2025-04-25T19:56:05.670Z] > command requires scopes: ["email","openid","https://www.googleapis.com/auth/cloudplatformprojects.readonly","https://www.googleapis.com/auth/firebase","https://www.googleapis.com/auth/cloud-platform"]
[debug] [2025-04-25T19:56:05.671Z] > authorizing via signed-in user (rafaazzolini02@gmail.com)
[info] 
     ######## #### ########  ######## ########     ###     ######  ########
     ##        ##  ##     ## ##       ##     ##  ##   ##  ##       ##
     ######    ##  ########  ######   ########  #########  ######  ######
     ##        ##  ##    ##  ##       ##     ## ##     ##       ## ##
     ##       #### ##     ## ######## ########  ##     ##  ######  ########

You're about to initialize a Firebase project in this directory:

  C:\Users\rafaa\StudioProjects\Naval_Battle

Before we get started, keep in mind:

  * You are initializing within an existing Firebase project directory

[info] 
=== Project Setup
[info] 
[info] First, let's associate this project directory with a Firebase project.
[info] You can create multiple project aliases by running firebase use --add, 
[info] but for now we'll just set up a default project.
[info] 
[debug] [2025-04-25T19:56:12.601Z] Using project from CLI flag: plataformaxarxes
[debug] [2025-04-25T19:56:12.602Z] Checked if tokens are valid: true, expires at: 1745613922509
[debug] [2025-04-25T19:56:12.602Z] Checked if tokens are valid: true, expires at: 1745613922509
[debug] [2025-04-25T19:56:12.603Z] >>> [apiv2][query] GET https://firebase.googleapis.com/v1beta1/projects/plataformaxarxes [none]
[debug] [2025-04-25T19:56:13.005Z] <<< [apiv2][status] GET https://firebase.googleapis.com/v1beta1/projects/plataformaxarxes 200
[debug] [2025-04-25T19:56:13.006Z] <<< [apiv2][body] GET https://firebase.googleapis.com/v1beta1/projects/plataformaxarxes {"projectId":"plataformaxarxes","projectNumber":"365868890310","displayName":"PlataformaXarxes","name":"projects/plataformaxarxes","resources":{"hostingSite":"plataformaxarxes","realtimeDatabaseInstance":"plataformaxarxes-default-rtdb"},"state":"ACTIVE","etag":"1_9c78faa3-dbfc-49cd-afec-a34b93697816"}
[info] i  Using project plataformaxarxes (PlataformaXarxes) 
[info] 
=== Functions Setup
[debug] [2025-04-25T19:56:13.009Z] > command requires scopes: ["email","openid","https://www.googleapis.com/auth/cloudplatformprojects.readonly","https://www.googleapis.com/auth/firebase","https://www.googleapis.com/auth/cloud-platform"]
[debug] [2025-04-25T19:56:13.010Z] > authorizing via signed-in user (rafaazzolini02@gmail.com)
[debug] [2025-04-25T19:56:13.010Z] [iam] checking project plataformaxarxes for permissions ["firebase.projects.get"]
[debug] [2025-04-25T19:56:13.010Z] Checked if tokens are valid: true, expires at: 1745613922509
[debug] [2025-04-25T19:56:13.010Z] Checked if tokens are valid: true, expires at: 1745613922509
[debug] [2025-04-25T19:56:13.010Z] >>> [apiv2][query] POST https://cloudresourcemanager.googleapis.com/v1/projects/plataformaxarxes:testIamPermissions [none]
[debug] [2025-04-25T19:56:13.010Z] >>> [apiv2][(partial)header] POST https://cloudresourcemanager.googleapis.com/v1/projects/plataformaxarxes:testIamPermissions x-goog-quota-user=projects/plataformaxarxes
[debug] [2025-04-25T19:56:13.010Z] >>> [apiv2][body] POST https://cloudresourcemanager.googleapis.com/v1/projects/plataformaxarxes:testIamPermissions {"permissions":["firebase.projects.get"]}
[debug] [2025-04-25T19:56:13.749Z] <<< [apiv2][status] POST https://cloudresourcemanager.googleapis.com/v1/projects/plataformaxarxes:testIamPermissions 200
[debug] [2025-04-25T19:56:13.749Z] <<< [apiv2][body] POST https://cloudresourcemanager.googleapis.com/v1/projects/plataformaxarxes:testIamPermissions {"permissions":["firebase.projects.get"]}
[debug] [2025-04-25T19:56:13.750Z] Checked if tokens are valid: true, expires at: 1745613922509
[debug] [2025-04-25T19:56:13.750Z] Checked if tokens are valid: true, expires at: 1745613922509
[debug] [2025-04-25T19:56:13.750Z] Checked if tokens are valid: true, expires at: 1745613922509
[debug] [2025-04-25T19:56:13.750Z] Checked if tokens are valid: true, expires at: 1745613922509
[debug] [2025-04-25T19:56:13.750Z] >>> [apiv2][query] GET https://serviceusage.googleapis.com/v1/projects/plataformaxarxes/services/cloudfunctions.googleapis.com [none]
[debug] [2025-04-25T19:56:13.750Z] >>> [apiv2][(partial)header] GET https://serviceusage.googleapis.com/v1/projects/plataformaxarxes/services/cloudfunctions.googleapis.com x-goog-quota-user=projects/plataformaxarxes
[debug] [2025-04-25T19:56:13.752Z] >>> [apiv2][query] GET https://serviceusage.googleapis.com/v1/projects/plataformaxarxes/services/runtimeconfig.googleapis.com [none]
[debug] [2025-04-25T19:56:13.752Z] >>> [apiv2][(partial)header] GET https://serviceusage.googleapis.com/v1/projects/plataformaxarxes/services/runtimeconfig.googleapis.com x-goog-quota-user=projects/plataformaxarxes
[debug] [2025-04-25T19:56:14.653Z] <<< [apiv2][status] GET https://serviceusage.googleapis.com/v1/projects/plataformaxarxes/services/runtimeconfig.googleapis.com 200
[debug] [2025-04-25T19:56:14.653Z] <<< [apiv2][body] GET https://serviceusage.googleapis.com/v1/projects/plataformaxarxes/services/runtimeconfig.googleapis.com [omitted]
[debug] [2025-04-25T19:56:14.663Z] <<< [apiv2][status] GET https://serviceusage.googleapis.com/v1/projects/plataformaxarxes/services/cloudfunctions.googleapis.com 200
[debug] [2025-04-25T19:56:14.664Z] <<< [apiv2][body] GET https://serviceusage.googleapis.com/v1/projects/plataformaxarxes/services/cloudfunctions.googleapis.com [omitted]
[info] 
Detected existing codebase(s): default

[info] 
Overwriting codebase default...

